<?xml version="1.0" encoding="UTF-8"?>
<!-- Generated by org.testng.reporters.JUnitReportReporter -->
<testsuite hostname="MSI" failures="0" tests="2" name="Search.SearchItemTest" time="23.715" errors="0" timestamp="2021-05-19T19:09:14 IST" skipped="0">
  <testcase classname="Search.SearchItemTest" name="SearchAnItem" time="10.030"/>
  <system-out/>
  <testcase classname="Search.SearchItemTest" name="SearchAnItemAndAddToCart" time="13.685"/>
  <system-out/>
</testsuite> <!-- Search.SearchItemTest -->
