<?xml version="1.0" encoding="UTF-8"?>
<!-- Generated by org.testng.reporters.JUnitReportReporter -->
<testsuite hostname="MSI" failures="0" tests="3" name="Login.LoginTest" time="26.364" errors="0" timestamp="2021-05-19T19:09:14 IST" skipped="0">
  <testcase classname="Login.LoginTest" name="testErrorMessageOnInvalidLogin" time="10.161"/>
  <system-out/>
  <testcase classname="Login.LoginTest" name="testSuccessfulMessageOnValidLogin" time="9.948"/>
  <system-out/>
  <testcase classname="Login.LoginTest" name="testLoginIntoSpree" time="6.255"/>
  <system-out/>
</testsuite> <!-- Login.LoginTest -->
